2026-03-29 07:04:37 | Log file → /teamspace/studios/this_studio/Volleyball01/YOLOv26/logs/training_20260329_070437.log
2026-03-29 07:04:37 | ============================================================
2026-03-29 07:04:37 |   YOLOv26 Volleyball Detection — GPU Training
2026-03-29 07:04:37 | ============================================================
2026-03-29 07:04:37 |   Model      : /teamspace/studios/this_studio/Volleyball01/yolo26n.pt
2026-03-29 07:04:37 |   Dataset    : /teamspace/studios/this_studio/Volleyball01/YOLOv26/volleyball-2/data.yaml
2026-03-29 07:04:37 |   Epochs     : 100
2026-03-29 07:04:37 |   Image size : 640
2026-03-29 07:04:37 |   Batch size : 4
2026-03-29 07:04:37 |   Patience   : 50
2026-03-29 07:04:37 |   Output     : /teamspace/studios/this_studio/Volleyball01/YOLOv26/runs/volleyball_train
2026-03-29 07:04:37 | ============================================================
2026-03-29 07:04:37 | Loading model …
2026-03-29 07:04:38 | Starting training …

2026-03-29 07:18:58 | 
============================================================
2026-03-29 07:18:58 |   TRAINING COMPLETE — FINAL METRICS
2026-03-29 07:18:58 | ============================================================
2026-03-29 07:18:58 | 
Metric                                   Value
2026-03-29 07:18:58 | -----------------------------------------------
2026-03-29 07:18:58 | metrics/precision(B)                    0.9326
2026-03-29 07:18:58 | metrics/recall(B)                       0.8155
2026-03-29 07:18:58 | metrics/mAP50(B)                        0.8810
2026-03-29 07:18:58 | metrics/mAP50-95(B)                     0.6860
2026-03-29 07:18:58 | fitness                                 0.6860
2026-03-29 07:18:58 | 
📁 Results saved to : /teamspace/studios/this_studio/Volleyball01/YOLOv26/runs/volleyball_train
2026-03-29 07:18:58 | 📊 Auto-saved charts:
2026-03-29 07:18:58 |    ✅ results.png
2026-03-29 07:18:58 |    ✅ confusion_matrix.png
2026-03-29 07:18:58 |    ✅ confusion_matrix_normalized.png
2026-03-29 07:18:58 |    — F1_curve.png
2026-03-29 07:18:58 |    — P_curve.png
2026-03-29 07:18:58 |    — R_curve.png
2026-03-29 07:18:58 |    — PR_curve.png
2026-03-29 07:18:58 |    ✅ labels.jpg
2026-03-29 07:18:58 |    — labels_correlogram.jpg
2026-03-29 07:18:58 | 
🏆 Best weights : /teamspace/studios/this_studio/Volleyball01/YOLOv26/runs/volleyball_train/weights/best.pt
2026-03-29 07:18:58 |    Last weights : /teamspace/studios/this_studio/Volleyball01/YOLOv26/runs/volleyball_train/weights/last.pt
2026-03-29 07:18:58 | ============================================================
